app/build/intermediates/manifest_merge_blame_file/debug/manifest-merger-blame-debug-report.txt
1<?xml version="1.0" encoding="utf-8"?>
2<manifest xmlns:android="http://schemas.android.com/apk/res/android"
3    package="com.brother.sample_v4"
4    android:versionCode="1"
5    android:versionName="1.0" >
6
7    <uses-sdk
8        android:minSdkVersion="28"
8-->src/main/AndroidManifest.xml
9        android:targetSdkVersion="33" />
9-->src/main/AndroidManifest.xml
10    <!-- For Wi-Fi -->
11    <uses-permission android:name="android.permission.INTERNET" />
11-->src/main/AndroidManifest.xml:5:5-67
11-->src/main/AndroidManifest.xml:5:22-64
12
13    <!-- For Bluetooth -->
14    <uses-permission android:name="android.permission.BLUETOOTH" />
14-->src/main/AndroidManifest.xml:8:5-68
14-->src/main/AndroidManifest.xml:8:22-65
15    <uses-permission android:name="android.permission.BLUETOOTH_ADMIN" />
15-->src/main/AndroidManifest.xml:9:5-74
15-->src/main/AndroidManifest.xml:9:22-71
16
17    <!-- For Bluetooth Low Energy -->
18    <uses-permission android:name="android.permission.ACCESS_FINE_LOCATION" />
18-->src/main/AndroidManifest.xml:12:5-79
18-->src/main/AndroidManifest.xml:12:22-76
19
20    <permission
20-->[androidx.core:core:1.9.0] AndroidManifest.xml:22:5-24:47
21        android:name="com.brother.sample_v4.DYNAMIC_RECEIVER_NOT_EXPORTED_PERMISSION"
21-->[androidx.core:core:1.9.0] AndroidManifest.xml:23:9-81
22        android:protectionLevel="signature" />
22-->[androidx.core:core:1.9.0] AndroidManifest.xml:24:9-44
23
24    <uses-permission android:name="com.brother.sample_v4.DYNAMIC_RECEIVER_NOT_EXPORTED_PERMISSION" />
24-->[androidx.core:core:1.9.0] AndroidManifest.xml:26:5-97
24-->[androidx.core:core:1.9.0] AndroidManifest.xml:26:22-94
25
26    <application
26-->src/main/AndroidManifest.xml:14:5-30:19
27        android:allowBackup="true"
27-->src/main/AndroidManifest.xml:15:9-35
28        android:appComponentFactory="androidx.core.app.CoreComponentFactory"
28-->[androidx.core:core:1.9.0] AndroidManifest.xml:28:18-86
29        android:debuggable="true"
30        android:extractNativeLibs="false"
31        android:icon="@mipmap/ic_launcher"
31-->src/main/AndroidManifest.xml:16:9-43
32        android:label="@string/app_name"
32-->src/main/AndroidManifest.xml:17:9-41
33        android:roundIcon="@mipmap/ic_launcher_round"
33-->src/main/AndroidManifest.xml:18:9-54
34        android:supportsRtl="true"
34-->src/main/AndroidManifest.xml:19:9-35
35        android:testOnly="true"
36        android:theme="@style/Theme.Sample_V4" >
36-->src/main/AndroidManifest.xml:20:9-47
37        <activity
37-->src/main/AndroidManifest.xml:21:9-29:20
38            android:name="com.brother.sample_v4.MainActivity"
38-->src/main/AndroidManifest.xml:22:13-41
39            android:exported="true" >
39-->src/main/AndroidManifest.xml:23:13-36
40            <intent-filter>
40-->src/main/AndroidManifest.xml:24:13-28:29
41                <action android:name="android.intent.action.MAIN" />
41-->src/main/AndroidManifest.xml:25:17-69
41-->src/main/AndroidManifest.xml:25:25-66
42
43                <category android:name="android.intent.category.LAUNCHER" />
43-->src/main/AndroidManifest.xml:27:17-77
43-->src/main/AndroidManifest.xml:27:27-74
44            </intent-filter>
45        </activity>
46        <activity
46-->[androidx.compose.ui:ui-tooling:1.4.0] AndroidManifest.xml:23:9-25:39
47            android:name="androidx.compose.ui.tooling.PreviewActivity"
47-->[androidx.compose.ui:ui-tooling:1.4.0] AndroidManifest.xml:24:13-71
48            android:exported="true" />
48-->[androidx.compose.ui:ui-tooling:1.4.0] AndroidManifest.xml:25:13-36
49
50        <provider
50-->[androidx.emoji2:emoji2:1.3.0] AndroidManifest.xml:24:9-32:20
51            android:name="androidx.startup.InitializationProvider"
51-->[androidx.emoji2:emoji2:1.3.0] AndroidManifest.xml:25:13-67
52            android:authorities="com.brother.sample_v4.androidx-startup"
52-->[androidx.emoji2:emoji2:1.3.0] AndroidManifest.xml:26:13-68
53            android:exported="false" >
53-->[androidx.emoji2:emoji2:1.3.0] AndroidManifest.xml:27:13-37
54            <meta-data
54-->[androidx.emoji2:emoji2:1.3.0] AndroidManifest.xml:29:13-31:52
55                android:name="androidx.emoji2.text.EmojiCompatInitializer"
55-->[androidx.emoji2:emoji2:1.3.0] AndroidManifest.xml:30:17-75
56                android:value="androidx.startup" />
56-->[androidx.emoji2:emoji2:1.3.0] AndroidManifest.xml:31:17-49
57            <meta-data
57-->[androidx.lifecycle:lifecycle-process:2.6.1] AndroidManifest.xml:29:13-31:52
58                android:name="androidx.lifecycle.ProcessLifecycleInitializer"
58-->[androidx.lifecycle:lifecycle-process:2.6.1] AndroidManifest.xml:30:17-78
59                android:value="androidx.startup" />
59-->[androidx.lifecycle:lifecycle-process:2.6.1] AndroidManifest.xml:31:17-49
60            <meta-data
60-->[androidx.profileinstaller:profileinstaller:1.3.0] AndroidManifest.xml:29:13-31:52
61                android:name="androidx.profileinstaller.ProfileInstallerInitializer"
61-->[androidx.profileinstaller:profileinstaller:1.3.0] AndroidManifest.xml:30:17-85
62                android:value="androidx.startup" />
62-->[androidx.profileinstaller:profileinstaller:1.3.0] AndroidManifest.xml:31:17-49
63        </provider>
64
65        <receiver
65-->[androidx.profileinstaller:profileinstaller:1.3.0] AndroidManifest.xml:34:9-52:20
66            android:name="androidx.profileinstaller.ProfileInstallReceiver"
66-->[androidx.profileinstaller:profileinstaller:1.3.0] AndroidManifest.xml:35:13-76
67            android:directBootAware="false"
67-->[androidx.profileinstaller:profileinstaller:1.3.0] AndroidManifest.xml:36:13-44
68            android:enabled="true"
68-->[androidx.profileinstaller:profileinstaller:1.3.0] AndroidManifest.xml:37:13-35
69            android:exported="true"
69-->[androidx.profileinstaller:profileinstaller:1.3.0] AndroidManifest.xml:38:13-36
70            android:permission="android.permission.DUMP" >
70-->[androidx.profileinstaller:profileinstaller:1.3.0] AndroidManifest.xml:39:13-57
71            <intent-filter>
71-->[androidx.profileinstaller:profileinstaller:1.3.0] AndroidManifest.xml:40:13-42:29
72                <action android:name="androidx.profileinstaller.action.INSTALL_PROFILE" />
72-->[androidx.profileinstaller:profileinstaller:1.3.0] AndroidManifest.xml:41:17-91
72-->[androidx.profileinstaller:profileinstaller:1.3.0] AndroidManifest.xml:41:25-88
73            </intent-filter>
74            <intent-filter>
74-->[androidx.profileinstaller:profileinstaller:1.3.0] AndroidManifest.xml:43:13-45:29
75                <action android:name="androidx.profileinstaller.action.SKIP_FILE" />
75-->[androidx.profileinstaller:profileinstaller:1.3.0] AndroidManifest.xml:44:17-85
75-->[androidx.profileinstaller:profileinstaller:1.3.0] AndroidManifest.xml:44:25-82
76            </intent-filter>
77            <intent-filter>
77-->[androidx.profileinstaller:profileinstaller:1.3.0] AndroidManifest.xml:46:13-48:29
78                <action android:name="androidx.profileinstaller.action.SAVE_PROFILE" />
78-->[androidx.profileinstaller:profileinstaller:1.3.0] AndroidManifest.xml:47:17-88
78-->[androidx.profileinstaller:profileinstaller:1.3.0] AndroidManifest.xml:47:25-85
79            </intent-filter>
80            <intent-filter>
80-->[androidx.profileinstaller:profileinstaller:1.3.0] AndroidManifest.xml:49:13-51:29
81                <action android:name="androidx.profileinstaller.action.BENCHMARK_OPERATION" />
81-->[androidx.profileinstaller:profileinstaller:1.3.0] AndroidManifest.xml:50:17-95
81-->[androidx.profileinstaller:profileinstaller:1.3.0] AndroidManifest.xml:50:25-92
82            </intent-filter>
83        </receiver>
84    </application>
85
86</manifest>